"D:\CLion 2019.2.4\bin\cmake\win\bin\cmake.exe" -DCMAKE_BUILD_TYPE=Debug -G "CodeBlocks - NMake Makefiles" "C:\алгосы 3\task3_skiplist"
-- The CXX compiler identification is MSVC 19.16.27031.1
-- Check for working CXX compiler: C:/Program Files (x86)/Microsoft Visual Studio/2017/Enterprise/VC/Tools/MSVC/14.16.27023/bin/Hostx86/x86/cl.exe
-- Check for working CXX compiler: C:/Program Files (x86)/Microsoft Visual Studio/2017/Enterprise/VC/Tools/MSVC/14.16.27023/bin/Hostx86/x86/cl.exe -- broken
CMake Error at D:/CLion 2019.2.4/bin/cmake/win/share/cmake-3.15/Modules/CMakeTestCXXCompiler.cmake:53 (message):
  The C++ compiler

    "C:/Program Files (x86)/Microsoft Visual Studio/2017/Enterprise/VC/Tools/MSVC/14.16.27023/bin/Hostx86/x86/cl.exe"

  is not able to compile a simple test program.

  It fails with the following output:

    Change Dir: C:/Ð°Ð»Ð³Ð¾Ñ�Ñ‹ 3/task3_skiplist/cmake-build-debug/CMakeFiles/CMakeTmp
    
    Run Build Command(s):nmake /nologo cmTC_0a15e\fast && 	"C:\Program Files (x86)\Microsoft Visual Studio\2017\Enterprise\VC\Tools\MSVC\14.16.27023\bin\HostX86\x86\nmake.exe" -f CMakeFiles\cmTC_0a15e.dir\build.make /nologo -L                  CMakeFiles\cmTC_0a15e.dir\build
    Building CXX object CMakeFiles/cmTC_0a15e.dir/testCXXCompiler.cxx.obj
    	C:\PROGRA~2\MICROS~4\2017\ENTERP~1\VC\Tools\MSVC\1416~1.270\bin\Hostx86\x86\cl.exe @C:\Users\temik\AppData\Local\Temp\nm1C37.tmp
    testCXXCompiler.cxx
    c1xx: fatal error C1083: ?? ??????? ??????? ???? ????????: C:\?????? 3\task3_skiplist\cmake-build-debug\CMakeFiles\CMakeTmp\testCXXCompiler.cxx: No such file or directory,
    NMAKE : fatal error U1077: C:\PROGRA~2\MICROS~4\2017\ENTERP~1\VC\Tools\MSVC\1416~1.270\bin\Hostx86\x86\cl.exe : Ã”Â¯Ã¾Ã”Â­Ã“Â¨Ã•Ã�Ã�Â¹Ãš Ã›Â¯Ãµ "0x2"
    Stop.
    NMAKE : fatal error U1077: "C:\Program Files (x86)\Microsoft Visual Studio\2017\Enterprise\VC\Tools\MSVC\14.16.27023\bin\HostX86\x86\nmake.exe" : Ã”Â¯Ã¾Ã”Â­Ã“Â¨Ã•Ã�Ã�Â¹Ãš Ã›Â¯Ãµ "0x2"
    Stop.
    
    

  

  CMake will not be able to correctly generate this project.
Call Stack (most recent call first):
  CMakeLists.txt:3 (project)


-- Configuring incomplete, errors occurred!
See also "C:/Ð°Ð»Ð³Ð¾Ñ�Ñ‹ 3/task3_skiplist/cmake-build-debug/CMakeFiles/CMakeOutput.log".
See also "C:/Ð°Ð»Ð³Ð¾Ñ�Ñ‹ 3/task3_skiplist/cmake-build-debug/CMakeFiles/CMakeError.log".
